# JRE version: Java(TM) SE Runtime Environment (8.0_45-b15) (build 1.8.0_45-b15)
# Java VM: Java HotSpot(TM) 64-Bit Server VM (25.45-b02 mixed mode windows-amd64 compressed oops)
Heap:
 PSYoungGen      total 18944K, used 10555K [0x00000000eb200000, 0x00000000ed700000, 0x0000000100000000)
  eden space 16384K, 48% used [0x00000000eb200000,0x00000000eb9d54e0,0x00000000ec200000)
  from space 2560K, 99% used [0x00000000ec200000,0x00000000ec479a38,0x00000000ec480000)
  to   space 2560K, 0% used [0x00000000ed480000,0x00000000ed480000,0x00000000ed700000)
 ParOldGen       total 44032K, used 17922K [0x00000000c1600000, 0x00000000c4100000, 0x00000000eb200000)
  object space 44032K, 40% used [0x00000000c1600000,0x00000000c2780b70,0x00000000c4100000)
 Metaspace       used 12370K, capacity 12576K, committed 12800K, reserved 1060864K
  class space    used 1419K, capacity 1481K, committed 1536K, reserved 1048576K
GC Heap History (6 events):
Event: 4.484 GC heap before
{Heap before GC invocations=1 (full 0):
 PSYoungGen      total 18944K, used 16384K [0x00000000eb200000, 0x00000000ec700000, 0x0000000100000000)
  eden space 16384K, 100% used [0x00000000eb200000,0x00000000ec200000,0x00000000ec200000)
  from space 2560K, 0% used [0x00000000ec480000,0x00000000ec480000,0x00000000ec700000)
  to   space 2560K, 0% used [0x00000000ec200000,0x00000000ec200000,0x00000000ec480000)
 ParOldGen       total 44032K, used 0K [0x00000000c1600000, 0x00000000c4100000, 0x00000000eb200000)
  object space 44032K, 0% used [0x00000000c1600000,0x00000000c1600000,0x00000000c4100000)
 Metaspace       used 8351K, capacity 8538K, committed 8704K, reserved 1056768K
  class space    used 949K, capacity 1011K, committed 1024K, reserved 1048576K
Event: 4.494 GC heap after
Heap after GC invocations=1 (full 0):
 PSYoungGen      total 18944K, used 2555K [0x00000000eb200000, 0x00000000ec700000, 0x0000000100000000)
  eden space 16384K, 0% used [0x00000000eb200000,0x00000000eb200000,0x00000000ec200000)
  from space 2560K, 99% used [0x00000000ec200000,0x00000000ec47ec38,0x00000000ec480000)
  to   space 2560K, 0% used [0x00000000ec480000,0x00000000ec480000,0x00000000ec700000)
 ParOldGen       total 44032K, used 198K [0x00000000c1600000, 0x00000000c4100000, 0x00000000eb200000)
  object space 44032K, 0% used [0x00000000c1600000,0x00000000c1631a00,0x00000000c4100000)
 Metaspace       used 8351K, capacity 8538K, committed 8704K, reserved 1056768K
  class space    used 949K, capacity 1011K, committed 1024K, reserved 1048576K
}
Event: 9.949 GC heap before
{Heap before GC invocations=2 (full 0):
 PSYoungGen      total 18944K, used 18716K [0x00000000eb200000, 0x00000000ec700000, 0x0000000100000000)
  eden space 16384K, 98% used [0x00000000eb200000,0x00000000ec1c85e8,0x00000000ec200000)
  from space 2560K, 99% used [0x00000000ec200000,0x00000000ec47ec38,0x00000000ec480000)
  to   space 2560K, 0% used [0x00000000ec480000,0x00000000ec480000,0x00000000ec700000)
 ParOldGen       total 44032K, used 198K [0x00000000c1600000, 0x00000000c4100000, 0x00000000eb200000)
  object space 44032K, 0% used [0x00000000c1600000,0x00000000c1631a00,0x00000000c4100000)
 Metaspace       used 12101K, capacity 12312K, committed 12544K, reserved 1060864K
  class space    used 1411K, capacity 1481K, committed 1536K, reserved 1048576K
Event: 9.985 GC heap after
Heap after GC invocations=2 (full 0):
 PSYoungGen      total 18944K, used 2536K [0x00000000eb200000, 0x00000000ec700000, 0x0000000100000000)
  eden space 16384K, 0% used [0x00000000eb200000,0x00000000eb200000,0x00000000ec200000)
  from space 2560K, 99% used [0x00000000ec480000,0x00000000ec6fa020,0x00000000ec700000)
  to   space 2560K, 0% used [0x00000000ec200000,0x00000000ec200000,0x00000000ec480000)
 ParOldGen       total 44032K, used 14142K [0x00000000c1600000, 0x00000000c4100000, 0x00000000eb200000)
  object space 44032K, 32% used [0x00000000c1600000,0x00000000c23cf860,0x00000000c4100000)
 Metaspace       used 12101K, capacity 12312K, committed 12544K, reserved 1060864K
  class space    used 1411K, capacity 1481K, committed 1536K, reserved 1048576K
}
Event: 10.231 GC heap before
{Heap before GC invocations=3 (full 0):
 PSYoungGen      total 18944K, used 17481K [0x00000000eb200000, 0x00000000ec700000, 0x0000000100000000)
  eden space 16384K, 91% used [0x00000000eb200000,0x00000000ec098498,0x00000000ec200000)
  from space 2560K, 99% used [0x00000000ec480000,0x00000000ec6fa020,0x00000000ec700000)
  to   space 2560K, 0% used [0x00000000ec200000,0x00000000ec200000,0x00000000ec480000)
 ParOldGen       total 44032K, used 14142K [0x00000000c1600000, 0x00000000c4100000, 0x00000000eb200000)
  object space 44032K, 32% used [0x00000000c1600000,0x00000000c23cf860,0x00000000c4100000)
 Metaspace       used 12151K, capacity 12376K, committed 12544K, reserved 1060864K
  class space    used 1411K, capacity 1481K, committed 1536K, reserved 1048576K
Event: 10.249 GC heap after
Heap after GC invocations=3 (full 0):
 PSYoungGen      total 18944K, used 2534K [0x00000000eb200000, 0x00000000ed700000, 0x0000000100000000)
  eden space 16384K, 0% used [0x00000000eb200000,0x00000000eb200000,0x00000000ec200000)
  from space 2560K, 99% used [0x00000000ec200000,0x00000000ec479a38,0x00000000ec480000)
  to   space 2560K, 0% used [0x00000000ed480000,0x00000000ed480000,0x00000000ed700000)
 ParOldGen       total 44032K, used 17922K [0x00000000c1600000, 0x00000000c4100000, 0x00000000eb200000)
  object space 44032K, 40% used [0x00000000c1600000,0x00000000c2780b70,0x00000000c4100000)
 Metaspace       used 12151K, capacity 12376K, committed 12544K, reserved 1060864K
  class space    used 1411K, capacity 1481K, committed 1536K, reserved 1048576K
}

